2019-14-01 12:50:55  INFO [uiTests.SparesTest] : TEST STARTED _____________________________________________addNewSparePart
2019-14-01 12:51:15  INFO [libs.ActionWithElement] : Entered text: Student
2019-14-01 12:51:16  INFO [libs.ActionWithElement] : Entered text: 909090
2019-14-01 12:51:24  INFO [libs.ActionWithElement] : Clicked on element
2019-14-01 12:51:31  INFO [libs.ActionWithElement] : Clicked on element
2019-14-01 12:51:38  INFO [libs.ActionWithElement] : Clicked on element
2019-14-01 12:51:54  INFO [libs.ActionWithElement] : Clicked on element
2019-14-01 12:51:54  INFO [libs.ActionWithElement] : Entered text: MaxSpare
2019-14-01 12:52:01  INFO [libs.ActionWithElement] : Clicked on element
2019-14-01 12:52:14  INFO [libs.ActionWithElement] : Clicked on element
2019-14-01 12:52:23  INFO [libs.ActionWithElement] : Clicked on element
2019-14-01 12:57:56  INFO [uiTests.SparesTest] : TEST STARTED _____________________________________________addNewSparePart
2019-14-01 12:58:16  INFO [libs.ActionWithElement] : Entered text: Student
2019-14-01 12:58:16  INFO [libs.ActionWithElement] : Entered text: 909090
2019-14-01 12:58:18  INFO [libs.ActionWithElement] : Clicked on element
2019-14-01 12:58:19  INFO [libs.ActionWithElement] : Clicked on element
2019-14-01 12:58:20  INFO [libs.ActionWithElement] : Clicked on element
2019-14-01 12:58:36  INFO [libs.ActionWithElement] : Clicked on element
2019-14-01 12:58:37  INFO [libs.ActionWithElement] : Entered text: MaxSpare
2019-14-01 12:58:44  INFO [libs.ActionWithElement] : Clicked on element
2019-14-01 12:59:06  INFO [libs.ActionWithElement] : Clicked on element
2019-14-01 12:59:14  INFO [libs.ActionWithElement] : Clicked on element
2019-14-01 13:00:14  INFO [uiTests.SparesTest] : TEST STARTED _____________________________________________addNewSparePart
2019-14-01 13:00:31  INFO [libs.ActionWithElement] : Entered text: Student
2019-14-01 13:00:32  INFO [libs.ActionWithElement] : Entered text: 909090
2019-14-01 13:00:34  INFO [libs.ActionWithElement] : Clicked on element
2019-14-01 13:00:34  INFO [libs.ActionWithElement] : Clicked on element
2019-14-01 13:00:36  INFO [libs.ActionWithElement] : Clicked on element
2019-14-01 13:00:44  INFO [libs.ActionWithElement] : Clicked on element
2019-14-01 13:00:45  INFO [libs.ActionWithElement] : Entered text: MaxSpare
2019-14-01 13:00:47  INFO [libs.ActionWithElement] : Clicked on element
2019-14-01 13:00:55  INFO [libs.ActionWithElement] : Clicked on element
2019-14-01 13:00:56  INFO [libs.ActionWithElement] : Clicked on element
2019-14-01 13:09:38  INFO [uiTests.SparesTest] : TEST STARTED _____________________________________________addNewSparePart
2019-14-01 13:09:54  INFO [libs.ActionWithElement] : Entered text: Student
2019-14-01 13:09:54  INFO [libs.ActionWithElement] : Entered text: 909090
2019-14-01 13:09:57  INFO [libs.ActionWithElement] : Clicked on element
2019-14-01 13:09:58  INFO [libs.ActionWithElement] : Clicked on element
2019-14-01 13:09:59  INFO [libs.ActionWithElement] : Clicked on element
2019-14-01 13:10:07  INFO [libs.ActionWithElement] : Clicked on element
2019-14-01 13:10:08  INFO [libs.ActionWithElement] : Entered text: MaxSpare
2019-14-01 13:10:11  INFO [libs.ActionWithElement] : Clicked on element
2019-14-01 13:10:20  INFO [libs.ActionWithElement] : Clicked on element
2019-14-01 13:10:22  INFO [libs.ActionWithElement] : Clicked on element
2019-14-01 17:56:19  INFO [uiTests.SparesTest] : TEST STARTED _____________________________________________addNewSparePart
2019-14-01 17:56:25  INFO [libs.ActionWithElement] : Entered text: Student
2019-14-01 17:56:25  INFO [libs.ActionWithElement] : Entered text: 909090
2019-14-01 17:56:26  INFO [libs.ActionWithElement] : Clicked on element
2019-14-01 17:56:27  INFO [libs.ActionWithElement] : Clicked on element
2019-14-01 17:56:28  INFO [libs.ActionWithElement] : Clicked on element
2019-14-01 17:56:31  INFO [libs.ActionWithElement] : Clicked on element
2019-14-01 17:56:31  INFO [libs.ActionWithElement] : Entered text: MaxSpare
2019-14-01 17:56:32  INFO [libs.ActionWithElement] : Clicked on element
2019-14-01 17:56:35  INFO [libs.ActionWithElement] : Clicked on element
2019-14-01 17:56:35  INFO [libs.ActionWithElement] : Clicked on element
2019-14-01 18:36:11  INFO [uiTests.SparesTest] : TEST STARTED _____________________________________________addNewSparePart
2019-14-01 18:36:13  INFO [libs.ActionWithElement] : Entered text: "Student"
2019-14-01 18:36:14  INFO [libs.ActionWithElement] : Entered text: 909090
2019-14-01 18:36:14  INFO [libs.ActionWithElement] : Clicked on element
2019-14-01 18:38:34  INFO [uiTests.SparesTest] : TEST STARTED _____________________________________________addNewSparePart
2019-14-01 18:38:36  INFO [libs.ActionWithElement] : Entered text: "Student"
2019-14-01 18:38:36  INFO [libs.ActionWithElement] : Entered text: 909090
2019-14-01 18:38:37  INFO [libs.ActionWithElement] : Clicked on element
2019-14-01 18:39:48  INFO [uiTests.LoginTest] : TEST STARTED _____________________________________________testLoginUser
2019-14-01 18:39:50  INFO [libs.ActionWithElement] : Entered text: "Student"
2019-14-01 18:39:50  INFO [libs.ActionWithElement] : Entered text: 909090
2019-14-01 18:39:51  INFO [libs.ActionWithElement] : Clicked on element
2019-14-01 18:47:49  INFO [uiTests.LoginTest] : TEST STARTED _____________________________________________testLoginUser
2019-14-01 18:47:52  INFO [libs.ActionWithElement] : Entered text: "Student"
2019-14-01 18:47:52  INFO [libs.ActionWithElement] : Entered text: 909090
2019-14-01 18:47:53  INFO [libs.ActionWithElement] : Clicked on element
2019-14-01 18:51:12  INFO [uiTests.LoginTest] : TEST STARTED _____________________________________________testLoginUser
2019-14-01 18:51:15  INFO [libs.ActionWithElement] : Entered text: "Student"
2019-14-01 18:51:15  INFO [libs.ActionWithElement] : Entered text: 909090
2019-14-01 18:51:16  INFO [libs.ActionWithElement] : Clicked on element
2019-14-01 18:53:40  INFO [uiTests.LoginTest] : TEST STARTED _____________________________________________testLoginUser
2019-14-01 18:53:42  INFO [libs.ActionWithElement] : Entered text: "Student"
2019-14-01 18:53:42  INFO [libs.ActionWithElement] : Entered text: 909090
2019-14-01 18:53:43  INFO [libs.ActionWithElement] : Clicked on element
2019-14-01 18:55:17  INFO [uiTests.LoginTest] : TEST STARTED _____________________________________________testLoginUser
2019-14-01 18:55:20  INFO [libs.ActionWithElement] : Entered text: "Student"
2019-14-01 18:55:20  INFO [libs.ActionWithElement] : Entered text: 909090
2019-14-01 18:55:24  INFO [libs.ActionWithElement] : Clicked on element
2019-14-01 18:56:57  INFO [uiTests.LoginTest] : TEST STARTED _____________________________________________testLoginUser
2019-14-01 18:57:00  INFO [libs.ActionWithElement] : Entered text: "Student"
2019-14-01 18:57:00  INFO [libs.ActionWithElement] : Entered text: 909090
2019-14-01 18:57:01  INFO [libs.ActionWithElement] : Clicked on element
2019-14-01 18:58:14  INFO [uiTests.LoginTest] : TEST STARTED _____________________________________________testLoginUser
2019-14-01 19:00:35  INFO [uiTests.LoginTest] : TEST STARTED _____________________________________________testLoginUser
2019-14-01 19:00:37  INFO [libs.ActionWithElement] : Entered text: Student
2019-14-01 19:00:37  INFO [libs.ActionWithElement] : Entered text: 909090
2019-14-01 19:00:39  INFO [libs.ActionWithElement] : Clicked on element
2019-14-01 19:02:15  INFO [uiTests.SparesTest] : TEST STARTED _____________________________________________addNewSparePart
2019-14-01 19:02:17  INFO [libs.ActionWithElement] : Entered text: Student
2019-14-01 19:02:17  INFO [libs.ActionWithElement] : Entered text: 909090
2019-14-01 19:02:19  INFO [libs.ActionWithElement] : Clicked on element
2019-14-01 19:02:19  INFO [libs.ActionWithElement] : Clicked on element
2019-14-01 19:02:20  INFO [libs.ActionWithElement] : Clicked on element
2019-14-01 19:02:23  INFO [libs.ActionWithElement] : Clicked on element
2019-14-01 19:02:23  INFO [libs.ActionWithElement] : Entered text: MaxSpare
2019-14-01 19:02:24  INFO [libs.ActionWithElement] : Clicked on element
2019-14-01 19:02:27  INFO [libs.ActionWithElement] : Clicked on element
2019-14-01 19:02:27  INFO [libs.ActionWithElement] : Clicked on element
2019-15-01 07:27:42  INFO [uiTests.SparesTest] : TEST STARTED _____________________________________________addNewSparePart
2019-15-01 07:27:45  INFO [libs.ActionWithElement] : Entered text: Student
2019-15-01 07:27:45  INFO [libs.ActionWithElement] : Entered text: 909090
2019-15-01 07:27:48  INFO [libs.ActionWithElement] : Clicked on element
2019-15-01 07:27:48  INFO [libs.ActionWithElement] : Clicked on element
2019-15-01 07:27:49  INFO [libs.ActionWithElement] : Clicked on element
2019-15-01 07:27:52  INFO [libs.ActionWithElement] : Clicked on element
2019-15-01 07:27:53  INFO [libs.ActionWithElement] : Entered text: MaxSpare
2019-15-01 07:27:54  INFO [libs.ActionWithElement] : Clicked on element
2019-15-01 07:27:57  INFO [libs.ActionWithElement] : Clicked on element
2019-15-01 07:27:58  INFO [libs.ActionWithElement] : Clicked on element
2019-15-01 07:41:48  INFO [uiTests.SparesTest] : TEST STARTED _____________________________________________addNewSparePart
2019-15-01 07:41:51  INFO [libs.ActionWithElement] : Entered text: Student
2019-15-01 07:41:52  INFO [libs.ActionWithElement] : Entered text: 909090
2019-15-01 07:41:53  INFO [libs.ActionWithElement] : Clicked on element
2019-15-01 07:41:53  INFO [libs.ActionWithElement] : Clicked on element
2019-15-01 07:41:55  INFO [libs.ActionWithElement] : Clicked on element
2019-15-01 07:41:57  INFO [libs.ActionWithElement] : Clicked on element
2019-15-01 07:41:58  INFO [libs.ActionWithElement] : Entered text: MaxSpare
2019-15-01 07:41:59  INFO [libs.ActionWithElement] : Clicked on element
2019-15-01 07:42:02  INFO [libs.ActionWithElement] : Clicked on element
2019-15-01 07:42:03  INFO [libs.ActionWithElement] : Clicked on element
2019-15-01 07:56:33  INFO [uiTests.SparesTest] : TEST STARTED _____________________________________________addNewSparePart
2019-15-01 07:56:36  INFO [libs.ActionWithElement] : Entered text: Student
2019-15-01 07:56:36  INFO [libs.ActionWithElement] : Entered text: 909090
2019-15-01 07:56:38  INFO [libs.ActionWithElement] : Clicked on element
2019-15-01 07:56:38  INFO [libs.ActionWithElement] : Clicked on element
2019-15-01 07:56:39  INFO [libs.ActionWithElement] : Clicked on element
2019-15-01 07:56:42  INFO [libs.ActionWithElement] : Clicked on element
2019-15-01 07:56:42  INFO [libs.ActionWithElement] : Entered text: MaxSpare
2019-15-01 07:56:43  INFO [libs.ActionWithElement] : Clicked on element
2019-15-01 07:56:46  INFO [libs.ActionWithElement] : Clicked on element
2019-15-01 07:56:47  INFO [libs.ActionWithElement] : Clicked on element
2019-15-01 08:11:45  INFO [uiTests.SparesTest] : TEST STARTED _____________________________________________addNewSparePart
2019-15-01 08:11:48  INFO [libs.ActionWithElement] : Entered text: Student
2019-15-01 08:11:48  INFO [libs.ActionWithElement] : Entered text: 909090
2019-15-01 08:11:51  INFO [libs.ActionWithElement] : Clicked on element
2019-15-01 08:11:51  INFO [libs.ActionWithElement] : Clicked on element
2019-15-01 08:11:52  INFO [libs.ActionWithElement] : Clicked on element
2019-15-01 08:11:56  INFO [libs.ActionWithElement] : Clicked on element
2019-15-01 08:11:56  INFO [libs.ActionWithElement] : Entered text: MaxSpare
2019-15-01 08:11:57  INFO [libs.ActionWithElement] : Clicked on element
2019-15-01 08:12:01  INFO [libs.ActionWithElement] : Clicked on element
2019-15-01 08:12:02  INFO [libs.ActionWithElement] : Clicked on element
2019-15-01 09:54:32  INFO [uiTests.SparesTest] : TEST STARTED _____________________________________________addNewSparePart
2019-15-01 09:54:40  INFO [libs.ActionWithElement] : Entered text: Student
2019-15-01 09:54:40  INFO [libs.ActionWithElement] : Entered text: 909090
2019-15-01 09:54:42  INFO [libs.ActionWithElement] : Clicked on element
2019-15-01 09:54:42  INFO [libs.ActionWithElement] : Clicked on element
2019-15-01 09:54:44  INFO [libs.ActionWithElement] : Clicked on element
2019-15-01 09:54:49  INFO [libs.ActionWithElement] : Clicked on element
2019-15-01 09:54:49  INFO [libs.ActionWithElement] : Entered text: MaxSpare
2019-15-01 09:54:51  INFO [libs.ActionWithElement] : Clicked on element
2019-15-01 09:54:55  INFO [libs.ActionWithElement] : Clicked on element
2019-15-01 09:54:56  INFO [libs.ActionWithElement] : Clicked on element
2019-15-01 09:55:38  INFO [uiTests.SparesTest] : TEST STARTED _____________________________________________addNewSparePart
2019-15-01 09:55:41  INFO [libs.ActionWithElement] : Entered text: Student
2019-15-01 09:55:41  INFO [libs.ActionWithElement] : Entered text: 909090
2019-15-01 09:55:43  INFO [libs.ActionWithElement] : Clicked on element
2019-15-01 09:55:43  INFO [libs.ActionWithElement] : Clicked on element
2019-15-01 09:55:45  INFO [libs.ActionWithElement] : Clicked on element
2019-15-01 09:55:50  INFO [libs.ActionWithElement] : Clicked on element
2019-15-01 09:55:50  INFO [libs.ActionWithElement] : Entered text: MaxSpare
2019-15-01 09:55:51  INFO [libs.ActionWithElement] : Clicked on element
2019-15-01 09:55:56  INFO [libs.ActionWithElement] : Clicked on element
2019-15-01 09:55:57  INFO [libs.ActionWithElement] : Clicked on element
2019-15-01 09:56:58  INFO [uiTests.SparesTest] : TEST STARTED _____________________________________________addNewSparePart
2019-15-01 09:57:04  INFO [libs.ActionWithElement] : Entered text: Student
2019-15-01 09:57:04  INFO [libs.ActionWithElement] : Entered text: 909090
2019-15-01 09:57:06  INFO [libs.ActionWithElement] : Clicked on element
2019-15-01 09:57:06  INFO [libs.ActionWithElement] : Clicked on element
2019-15-01 09:57:07  INFO [libs.ActionWithElement] : Clicked on element
2019-15-01 09:57:12  INFO [libs.ActionWithElement] : Clicked on element
2019-15-01 09:57:12  INFO [libs.ActionWithElement] : Entered text: MaxSpare
2019-15-01 09:57:13  INFO [libs.ActionWithElement] : Clicked on element
2019-15-01 09:57:16  INFO [libs.ActionWithElement] : Clicked on element
2019-15-01 09:57:17  INFO [libs.ActionWithElement] : Clicked on element
2019-16-01 07:42:23  INFO [uiTests.SparesTest] : TEST STARTED _____________________________________________addNewSparePart
2019-16-01 07:42:29  INFO [libs.ActionWithElement] : Entered text: Student
2019-16-01 07:42:30  INFO [libs.ActionWithElement] : Entered text: 909090
2019-16-01 07:42:32  INFO [libs.ActionWithElement] : Clicked on element
2019-16-01 07:42:32  INFO [libs.ActionWithElement] : Clicked on element
2019-16-01 07:42:34  INFO [libs.ActionWithElement] : Clicked on element
2019-16-01 07:42:38  INFO [libs.ActionWithElement] : Clicked on element
2019-16-01 07:42:38  INFO [libs.ActionWithElement] : Entered text: MaxSpare
2019-16-01 07:46:20  INFO [uiTests.SparesTest] : TEST STARTED _____________________________________________addNewSparePart
2019-16-01 07:46:23  INFO [libs.ActionWithElement] : Entered text: Student
2019-16-01 07:46:23  INFO [libs.ActionWithElement] : Entered text: 909090
2019-16-01 07:46:25  INFO [libs.ActionWithElement] : Clicked on element
2019-16-01 07:46:25  INFO [libs.ActionWithElement] : Clicked on element
2019-16-01 07:46:26  INFO [libs.ActionWithElement] : Clicked on element
2019-16-01 07:46:29  INFO [libs.ActionWithElement] : Clicked on element
2019-16-01 07:46:29  INFO [libs.ActionWithElement] : Entered text: MaxSpare
2019-16-01 07:47:34  INFO [uiTests.SparesTest] : TEST STARTED _____________________________________________addNewSparePart
2019-16-01 07:47:36  INFO [libs.ActionWithElement] : Entered text: Student
2019-16-01 07:47:36  INFO [libs.ActionWithElement] : Entered text: 909090
2019-16-01 07:47:38  INFO [libs.ActionWithElement] : Clicked on element
2019-16-01 07:47:38  INFO [libs.ActionWithElement] : Clicked on element
2019-16-01 07:47:39  INFO [libs.ActionWithElement] : Clicked on element
2019-16-01 07:47:42  INFO [libs.ActionWithElement] : Clicked on element
2019-16-01 07:47:42  INFO [libs.ActionWithElement] : Entered text: MaxSpare
2019-16-01 07:49:44  INFO [uiTests.SparesTest] : TEST STARTED _____________________________________________addNewSparePart
2019-16-01 07:49:46  INFO [libs.ActionWithElement] : Entered text: Student
2019-16-01 07:49:46  INFO [libs.ActionWithElement] : Entered text: 909090
2019-16-01 07:49:48  INFO [libs.ActionWithElement] : Clicked on element
2019-16-01 07:49:48  INFO [libs.ActionWithElement] : Clicked on element
2019-16-01 07:49:49  INFO [libs.ActionWithElement] : Clicked on element
2019-16-01 07:49:52  INFO [libs.ActionWithElement] : Clicked on element
2019-16-01 07:49:52  INFO [libs.ActionWithElement] : Entered text: MaxSpare
2019-16-01 08:07:29  INFO [uiTests.SparesTest] : TEST STARTED _____________________________________________addNewSparePart
2019-16-01 08:07:32  INFO [libs.ActionWithElement] : Entered text: Student
2019-16-01 08:07:32  INFO [libs.ActionWithElement] : Entered text: 909090
2019-16-01 08:07:33  INFO [libs.ActionWithElement] : Clicked on element
2019-16-01 08:07:33  INFO [libs.ActionWithElement] : Clicked on element
2019-16-01 08:07:35  INFO [libs.ActionWithElement] : Clicked on element
2019-16-01 08:07:37  INFO [libs.ActionWithElement] : Clicked on element
2019-16-01 08:07:37  INFO [libs.ActionWithElement] : Entered text: MaxSpare
2019-16-01 08:07:38  INFO [libs.ActionWithElement] : Clicked on element
2019-16-01 08:07:41  INFO [libs.ActionWithElement] : Clicked on element
2019-16-01 08:07:42  INFO [libs.ActionWithElement] : Clicked on element
2019-16-01 08:10:17  INFO [uiTests.SparesTest] : TEST STARTED _____________________________________________addNewSparePart
2019-16-01 08:10:19  INFO [libs.ActionWithElement] : Entered text: Student
2019-16-01 08:10:20  INFO [libs.ActionWithElement] : Entered text: 909090
2019-16-01 08:10:21  INFO [libs.ActionWithElement] : Clicked on element
2019-16-01 08:10:21  INFO [libs.ActionWithElement] : Clicked on element
2019-16-01 08:10:22  INFO [libs.ActionWithElement] : Clicked on element
2019-16-01 08:10:25  INFO [libs.ActionWithElement] : Clicked on element
2019-16-01 08:10:25  INFO [libs.ActionWithElement] : Entered text: MaxSpare
2019-16-01 08:10:26  INFO [libs.ActionWithElement] : Clicked on element
2019-16-01 08:10:29  INFO [libs.ActionWithElement] : Clicked on element
2019-16-01 08:10:30  INFO [libs.ActionWithElement] : Clicked on element
2019-16-01 12:11:53  INFO [uiTests.SparesTest] : TEST STARTED _____________________________________________addNewSparePart
2019-16-01 12:11:59  INFO [libs.ActionWithElement] : Entered text: Student
2019-16-01 12:11:59  INFO [libs.ActionWithElement] : Entered text: 909090
2019-16-01 12:12:01  INFO [libs.ActionWithElement] : Clicked on element
2019-16-01 12:12:01  INFO [libs.ActionWithElement] : Clicked on element
2019-16-01 12:12:03  INFO [libs.ActionWithElement] : Clicked on element
2019-16-01 12:12:06  INFO [libs.ActionWithElement] : Clicked on element
2019-16-01 12:12:06  INFO [libs.ActionWithElement] : Entered text: MaxSpare
2019-16-01 12:12:07  INFO [libs.ActionWithElement] : Clicked on element
2019-16-01 12:12:10  INFO [libs.ActionWithElement] : Clicked on element
2019-16-01 12:12:11  INFO [libs.ActionWithElement] : Clicked on element
2019-16-01 12:12:11  INFO [uiTests.SparesTest] : TEST DATA CLEARED!
2019-16-01 12:20:39  INFO [uiTests.SparesTest] : TEST STARTED _____________________________________________addNewSparePart
2019-16-01 12:20:44  INFO [libs.ActionWithElement] : Entered text: Student
2019-16-01 12:20:44  INFO [libs.ActionWithElement] : Entered text: 909090
2019-16-01 12:20:46  INFO [libs.ActionWithElement] : Clicked on element
2019-16-01 12:20:46  INFO [libs.ActionWithElement] : Clicked on element
2019-16-01 12:20:47  INFO [libs.ActionWithElement] : Clicked on element
2019-16-01 12:20:51  INFO [libs.ActionWithElement] : Clicked on element
2019-16-01 12:20:51  INFO [libs.ActionWithElement] : Entered text: MaxSpare
2019-16-01 12:20:51  INFO [libs.ActionWithElement] : Selected index: 4 from drop-down selection
2019-16-01 12:20:52  INFO [libs.ActionWithElement] : Clicked on element
2019-16-01 12:20:55  INFO [libs.ActionWithElement] : Clicked on element
2019-16-01 12:20:56  INFO [libs.ActionWithElement] : Clicked on element
2019-16-01 12:20:56  INFO [uiTests.SparesTest] : TEST DATA CLEARED!
2019-16-01 12:27:59  INFO [uiTests.SparesTest] : TEST STARTED _____________________________________________ addNewSparePart
2019-16-01 12:28:07  INFO [libs.ActionWithElement] : Entered text: Student
2019-16-01 12:28:07  INFO [libs.ActionWithElement] : Entered text: 909090
2019-16-01 12:28:09  INFO [libs.ActionWithElement] : Clicked on element
2019-16-01 12:28:09  INFO [libs.ActionWithElement] : Clicked on element
2019-16-01 12:28:10  INFO [libs.ActionWithElement] : Clicked on element
2019-16-01 12:28:13  INFO [libs.ActionWithElement] : Clicked on element
2019-16-01 12:28:14  INFO [libs.ActionWithElement] : Entered text: MaxSpare
2019-16-01 12:28:19  INFO [libs.ActionWithElement] : Selection of index: 20 FAILED! org.openqa.selenium.NoSuchElementException: Cannot locate option with index: 20
For documentation on this error, please visit: http://seleniumhq.org/exceptions/no_such_element.html
Build info: version: '3.12.0', revision: '7c6e0b3', time: '2018-05-08T14:04:26.12Z'
System info: host: '2013s-MacBook-Pro.local', ip: '192.168.1.9', os.name: 'Mac OS X', os.arch: 'x86_64', os.version: '10.12.6', java.version: '1.8.0_111'
Driver info: driver.version: unknown
2019-16-01 12:28:20  INFO [libs.ActionWithElement] : Clicked on element
2019-16-01 12:31:49  INFO [uiTests.SparesTest] : TEST STARTED _____________________________________________ addNewSparePart
2019-16-01 12:31:56  INFO [libs.ActionWithElement] : Entered text: Student
2019-16-01 12:31:56  INFO [libs.ActionWithElement] : Entered text: 909090
2019-16-01 12:31:58  INFO [libs.ActionWithElement] : Clicked on element
2019-16-01 12:31:59  INFO [libs.ActionWithElement] : Clicked on element
2019-16-01 12:32:00  INFO [libs.ActionWithElement] : Clicked on element
2019-16-01 12:32:03  INFO [libs.ActionWithElement] : Clicked on element
2019-16-01 12:32:03  INFO [libs.ActionWithElement] : Entered text: MaxSpare
2019-16-01 12:32:09  INFO [libs.ActionWithElement] : Selection of index: 20 FAILED! org.openqa.selenium.NoSuchElementException: Cannot locate option with index: 20
For documentation on this error, please visit: http://seleniumhq.org/exceptions/no_such_element.html
Build info: version: '3.12.0', revision: '7c6e0b3', time: '2018-05-08T14:04:26.12Z'
System info: host: '2013s-MacBook-Pro.local', ip: '192.168.1.9', os.name: 'Mac OS X', os.arch: 'x86_64', os.version: '10.12.6', java.version: '1.8.0_111'
Driver info: driver.version: unknown
2019-16-01 12:32:09  INFO [libs.ActionWithElement] : Clicked on element
2019-16-01 13:02:10  INFO [uiTests.SparesTest] : TEST STARTED _____________________________________________ addNewSparePart
2019-16-01 13:02:17  INFO [libs.ActionWithElement] : Entered text: Student
2019-16-01 13:02:17  INFO [libs.ActionWithElement] : Entered text: 909090
2019-16-01 13:02:19  INFO [libs.ActionWithElement] : Clicked on element
2019-16-01 13:02:19  INFO [libs.ActionWithElement] : Clicked on element
2019-16-01 13:02:20  INFO [libs.ActionWithElement] : Clicked on element
2019-16-01 13:02:24  INFO [libs.ActionWithElement] : Clicked on element
2019-16-01 13:02:24  INFO [libs.ActionWithElement] : Entered text: MaxSpare
2019-16-01 13:02:30  INFO [libs.ActionWithElement] : Selection of index: 20 FAILED! org.openqa.selenium.NoSuchElementException: Cannot locate option with index: 20
For documentation on this error, please visit: http://seleniumhq.org/exceptions/no_such_element.html
Build info: version: '3.12.0', revision: '7c6e0b3', time: '2018-05-08T14:04:26.12Z'
System info: host: '2013s-MacBook-Pro.local', ip: '192.168.1.9', os.name: 'Mac OS X', os.arch: 'x86_64', os.version: '10.12.6', java.version: '1.8.0_111'
Driver info: driver.version: unknown
2019-16-01 13:02:30  INFO [libs.ActionWithElement] : Clicked on element
2019-16-01 13:09:56  INFO [uiTests.SparesTest] : [32mTEST STARTED _____________________________________________ addNewSparePart[0m
2019-16-01 13:10:02  INFO [libs.ActionWithElement] : Entered text: Student
2019-16-01 13:10:02  INFO [libs.ActionWithElement] : Entered text: 909090
2019-16-01 13:10:04  INFO [libs.ActionWithElement] : Clicked on element
2019-16-01 13:10:04  INFO [libs.ActionWithElement] : Clicked on element
2019-16-01 13:10:05  INFO [libs.ActionWithElement] : Clicked on element
2019-16-01 13:10:09  INFO [libs.ActionWithElement] : Clicked on element
2019-16-01 13:10:09  INFO [libs.ActionWithElement] : Entered text: MaxSpare
2019-16-01 13:10:14  INFO [libs.ActionWithElement] : Selection of index: 20 FAILED! org.openqa.selenium.NoSuchElementException: Cannot locate option with index: 20
For documentation on this error, please visit: http://seleniumhq.org/exceptions/no_such_element.html
Build info: version: '3.12.0', revision: '7c6e0b3', time: '2018-05-08T14:04:26.12Z'
System info: host: '2013s-MacBook-Pro.local', ip: '192.168.1.9', os.name: 'Mac OS X', os.arch: 'x86_64', os.version: '10.12.6', java.version: '1.8.0_111'
Driver info: driver.version: unknown
2019-16-01 13:10:15  INFO [libs.ActionWithElement] : Clicked on element
2019-16-01 13:11:36  INFO [uiTests.SparesTest] : [32mTEST STARTED _____________________________________________ addNewSparePart[0m
2019-16-01 13:11:38  INFO [libs.ActionWithElement] : Entered text: Student
2019-16-01 13:11:38  INFO [libs.ActionWithElement] : Entered text: 909090
2019-16-01 13:11:40  INFO [libs.ActionWithElement] : Clicked on element
2019-16-01 13:11:40  INFO [libs.ActionWithElement] : Clicked on element
2019-16-01 13:11:41  INFO [libs.ActionWithElement] : Clicked on element
2019-16-01 13:11:44  INFO [libs.ActionWithElement] : Clicked on element
2019-16-01 13:11:44  INFO [libs.ActionWithElement] : Entered text: MaxSpare
2019-16-01 13:11:50  INFO [libs.ActionWithElement] : Selection of index: 20 FAILED! org.openqa.selenium.NoSuchElementException: Cannot locate option with index: 20
For documentation on this error, please visit: http://seleniumhq.org/exceptions/no_such_element.html
Build info: version: '3.12.0', revision: '7c6e0b3', time: '2018-05-08T14:04:26.12Z'
System info: host: '2013s-MacBook-Pro.local', ip: '192.168.1.9', os.name: 'Mac OS X', os.arch: 'x86_64', os.version: '10.12.6', java.version: '1.8.0_111'
Driver info: driver.version: unknown
2019-16-01 13:11:50  INFO [libs.ActionWithElement] : Clicked on element
2019-16-01 13:14:06  INFO [uiTests.SparesTest] : [32mTEST STARTED _____________________________________________ addNewSparePart[0m
2019-16-01 13:14:08  INFO [libs.ActionWithElement] : Entered text: Student
2019-16-01 13:14:08  INFO [libs.ActionWithElement] : Entered text: 909090
2019-16-01 13:14:10  INFO [libs.ActionWithElement] : Clicked on element
2019-16-01 13:14:10  INFO [libs.ActionWithElement] : Clicked on element
2019-16-01 13:14:11  INFO [libs.ActionWithElement] : Clicked on element
2019-16-01 13:14:14  INFO [libs.ActionWithElement] : Clicked on element
2019-16-01 13:14:14  INFO [libs.ActionWithElement] : Entered text: MaxSpare
2019-16-01 13:14:19  INFO [libs.ActionWithElement] : Selection of index: 20 FAILED! org.openqa.selenium.NoSuchElementException: Cannot locate option with index: 20
For documentation on this error, please visit: http://seleniumhq.org/exceptions/no_such_element.html
Build info: version: '3.12.0', revision: '7c6e0b3', time: '2018-05-08T14:04:26.12Z'
System info: host: '2013s-MacBook-Pro.local', ip: '192.168.1.9', os.name: 'Mac OS X', os.arch: 'x86_64', os.version: '10.12.6', java.version: '1.8.0_111'
Driver info: driver.version: unknown
2019-16-01 13:14:20  INFO [libs.ActionWithElement] : Clicked on element
2019-16-01 13:15:54  INFO [uiTests.SparesTest] : [32mTEST STARTED _____________________________________________ addNewSparePart[0m
2019-16-01 13:15:57  INFO [libs.ActionWithElement] : Entered text: Student
2019-16-01 13:15:57  INFO [libs.ActionWithElement] : Entered text: 909090
2019-16-01 13:15:58  INFO [libs.ActionWithElement] : Clicked on element
2019-16-01 13:15:58  INFO [libs.ActionWithElement] : Clicked on element
2019-16-01 13:15:59  INFO [libs.ActionWithElement] : Clicked on element
2019-16-01 13:16:02  INFO [libs.ActionWithElement] : Clicked on element
2019-16-01 13:16:02  INFO [libs.ActionWithElement] : Entered text: MaxSpare
2019-16-01 13:16:08  INFO [libs.ActionWithElement] : Selection of index: 20 FAILED! org.openqa.selenium.NoSuchElementException: Cannot locate option with index: 20
For documentation on this error, please visit: http://seleniumhq.org/exceptions/no_such_element.html
Build info: version: '3.12.0', revision: '7c6e0b3', time: '2018-05-08T14:04:26.12Z'
System info: host: '2013s-MacBook-Pro.local', ip: '192.168.1.9', os.name: 'Mac OS X', os.arch: 'x86_64', os.version: '10.12.6', java.version: '1.8.0_111'
Driver info: driver.version: unknown
2019-16-01 13:16:08  INFO [libs.ActionWithElement] : Clicked on element
2019-16-01 13:17:43  INFO [uiTests.SparesTest] : [32mTEST STARTED _____________________________________________ addNewSparePart[0m
2019-16-01 13:17:45  INFO [libs.ActionWithElement] : Entered text: Student
2019-16-01 13:17:45  INFO [libs.ActionWithElement] : Entered text: 909090
2019-16-01 13:17:47  INFO [libs.ActionWithElement] : Clicked on element
2019-16-01 13:17:47  INFO [libs.ActionWithElement] : Clicked on element
2019-16-01 13:17:48  INFO [libs.ActionWithElement] : Clicked on element
2019-16-01 13:17:51  INFO [libs.ActionWithElement] : Clicked on element
2019-16-01 13:17:51  INFO [libs.ActionWithElement] : Entered text: MaxSpare
2019-16-01 13:17:56  INFO [libs.ActionWithElement] : Selection of index: 20 FAILED! org.openqa.selenium.NoSuchElementException: Cannot locate option with index: 20
For documentation on this error, please visit: http://seleniumhq.org/exceptions/no_such_element.html
Build info: version: '3.12.0', revision: '7c6e0b3', time: '2018-05-08T14:04:26.12Z'
System info: host: '2013s-MacBook-Pro.local', ip: '192.168.1.9', os.name: 'Mac OS X', os.arch: 'x86_64', os.version: '10.12.6', java.version: '1.8.0_111'
Driver info: driver.version: unknown
2019-16-01 13:17:57  INFO [libs.ActionWithElement] : Clicked on element
2019-16-01 13:18:58  INFO [uiTests.SparesTest] : [32mTEST STARTED _____________________________________________ addNewSparePart[0m
2019-16-01 13:19:02  INFO [libs.ActionWithElement] : Entered text: Student
2019-16-01 13:19:02  INFO [libs.ActionWithElement] : Entered text: 909090
2019-16-01 13:19:03  INFO [libs.ActionWithElement] : Clicked on element
2019-16-01 13:19:03  INFO [libs.ActionWithElement] : Clicked on element
2019-16-01 13:19:05  INFO [libs.ActionWithElement] : Clicked on element
2019-16-01 13:19:07  INFO [libs.ActionWithElement] : Clicked on element
2019-16-01 13:19:08  INFO [libs.ActionWithElement] : Entered text: MaxSpare
2019-16-01 13:19:08  INFO [libs.ActionWithElement] : Selected index: 4 from drop-down 
2019-16-01 13:19:09  INFO [libs.ActionWithElement] : Clicked on element
2019-16-01 13:19:12  INFO [libs.ActionWithElement] : Clicked on element
2019-16-01 13:19:12  INFO [libs.ActionWithElement] : Clicked on element
2019-16-01 13:19:12  INFO [uiTests.SparesTest] : TEST DATA CLEARED!
2019-16-01 13:22:48  INFO [uiTests.SparesTest] : [32mTEST STARTED _____________________________________________ addNewSparePart[0m
2019-16-01 13:22:53  INFO [libs.ActionWithElement] : Entered text: Student
2019-16-01 13:22:54  INFO [libs.ActionWithElement] : Entered text: 909090
2019-16-01 13:22:56  INFO [libs.ActionWithElement] : Clicked on element
2019-16-01 13:22:56  INFO [libs.ActionWithElement] : Clicked on element
2019-16-01 13:22:58  INFO [libs.ActionWithElement] : Clicked on element
2019-16-01 13:23:01  INFO [libs.ActionWithElement] : Clicked on element
2019-16-01 13:23:01  INFO [libs.ActionWithElement] : Entered text: MaxSpare
2019-16-01 13:23:01  INFO [libs.ActionWithElement] : Selected index: 4 from drop-down 
2019-16-01 13:23:02  INFO [libs.ActionWithElement] : Clicked on element
2019-16-01 13:23:05  INFO [libs.ActionWithElement] : Clicked on element
2019-16-01 13:23:06  INFO [libs.ActionWithElement] : Clicked on element
2019-16-01 13:23:06  INFO [uiTests.SparesTest] : TEST DATA CLEARED!
2019-16-01 13:24:31  INFO [uiTests.SparesTest] : [32mTEST STARTED _____________________________________________ addNewSparePart[0m
2019-16-01 13:24:33  INFO [libs.ActionWithElement] : Entered text: Student
2019-16-01 13:24:34  INFO [libs.ActionWithElement] : Entered text: 909090
2019-16-01 13:24:35  INFO [libs.ActionWithElement] : Clicked on element
2019-16-01 13:24:35  INFO [libs.ActionWithElement] : Clicked on element
2019-16-01 13:24:36  INFO [libs.ActionWithElement] : Clicked on element
2019-16-01 13:24:39  INFO [libs.ActionWithElement] : Clicked on element
2019-16-01 13:24:39  INFO [libs.ActionWithElement] : Entered text: MaxSpare
2019-16-01 13:24:40  INFO [libs.ActionWithElement] : Selected index: 4 from drop-down 
2019-16-01 13:24:40  INFO [libs.ActionWithElement] : Clicked on element
2019-16-01 13:24:43  INFO [libs.ActionWithElement] : Clicked on element
2019-16-01 13:24:44  INFO [libs.ActionWithElement] : Clicked on element
2019-16-01 13:24:44  INFO [uiTests.SparesTest] : TEST DATA CLEARED!
2019-16-01 13:25:11  INFO [uiTests.SparesTest] : [32mTEST STARTED _____________________________________________ addNewSparePart[0m
2019-16-01 13:25:13  INFO [libs.ActionWithElement] : Entered text: Student
2019-16-01 13:25:13  INFO [libs.ActionWithElement] : Entered text: 909090
2019-16-01 13:25:14  INFO [libs.ActionWithElement] : Clicked on element
2019-16-01 13:25:14  INFO [libs.ActionWithElement] : Clicked on element
2019-16-01 13:25:15  INFO [libs.ActionWithElement] : Clicked on element
2019-16-01 13:25:18  INFO [libs.ActionWithElement] : Clicked on element
2019-16-01 13:25:18  INFO [libs.ActionWithElement] : Entered text: MaxSpare
2019-16-01 13:25:24  INFO [libs.ActionWithElement] : Selection of index: 20 FAILED! org.openqa.selenium.NoSuchElementException: Cannot locate option with index: 20
For documentation on this error, please visit: http://seleniumhq.org/exceptions/no_such_element.html
Build info: version: '3.12.0', revision: '7c6e0b3', time: '2018-05-08T14:04:26.12Z'
System info: host: '2013s-MacBook-Pro.local', ip: '192.168.1.9', os.name: 'Mac OS X', os.arch: 'x86_64', os.version: '10.12.6', java.version: '1.8.0_111'
Driver info: driver.version: unknown
2019-16-01 13:25:24  INFO [libs.ActionWithElement] : Clicked on element
2019-16-01 14:42:44  INFO [uiTests.SparesTest] : [32mTEST STARTED _____________________________________________ addNewSparePart[0m
2019-16-01 14:42:47  INFO [libs.ActionWithElement] : Entered text: Student
2019-16-01 14:42:47  INFO [libs.ActionWithElement] : Entered text: 909090
2019-16-01 14:42:49  INFO [libs.ActionWithElement] : Clicked on element
2019-16-01 14:42:49  INFO [libs.ActionWithElement] : Clicked on element
2019-16-01 14:42:50  INFO [libs.ActionWithElement] : Clicked on element
2019-16-01 14:42:53  INFO [libs.ActionWithElement] : Clicked on element
2019-16-01 14:42:54  INFO [libs.ActionWithElement] : Entered text: MaxSpare
2019-16-01 14:42:54  INFO [libs.ActionWithElement] : Selected index: 4 from drop-down 
2019-16-01 14:42:55  INFO [libs.ActionWithElement] : Clicked on element
2019-16-01 14:42:58  INFO [libs.ActionWithElement] : Clicked on element
2019-16-01 14:42:58  INFO [libs.ActionWithElement] : Clicked on element
2019-16-01 14:42:58  INFO [uiTests.SparesTest] : TEST DATA CLEARED!
2019-16-01 17:26:52  INFO [uiTests.SparesTest] : [32mTEST STARTED _____________________________________________ addNewSparePart[0m
2019-16-01 17:26:57  INFO [libs.ActionWithElement] : Entered text: Student
2019-16-01 17:26:58  INFO [libs.ActionWithElement] : Entered text: 909090
2019-16-01 17:27:01  INFO [libs.ActionWithElement] : Clicked on element
2019-16-01 17:27:01  INFO [libs.ActionWithElement] : Clicked on element
2019-16-01 17:27:03  INFO [libs.ActionWithElement] : Clicked on element
2019-16-01 17:27:08  INFO [libs.ActionWithElement] : Clicked on element
2019-16-01 17:27:08  INFO [libs.ActionWithElement] : Entered text: MaxSpare
2019-16-01 17:27:09  INFO [libs.ActionWithElement] : Selected index: 4 from drop-down 
2019-16-01 17:27:10  INFO [libs.ActionWithElement] : Clicked on element
2019-16-01 17:27:13  INFO [libs.ActionWithElement] : Clicked on element
2019-16-01 17:27:14  INFO [libs.ActionWithElement] : Clicked on element
2019-16-01 17:27:14  INFO [uiTests.SparesTest] : TEST DATA CLEARED!
2019-16-01 17:28:26  INFO [uiTests.SparesTest] : [32mTEST STARTED _____________________________________________ addNewSparePart[0m
2019-16-01 17:28:29  INFO [libs.ActionWithElement] : Entered text: Student
2019-16-01 17:28:30  INFO [libs.ActionWithElement] : Entered text: 909090
2019-16-01 17:28:35  INFO [libs.ActionWithElement] : Clicked on element
2019-16-01 17:28:36  INFO [libs.ActionWithElement] : Clicked on element
2019-16-01 17:28:38  INFO [libs.ActionWithElement] : Clicked on element
2019-16-01 17:28:57  INFO [libs.ActionWithElement] : Clicked on element
2019-16-01 17:28:58  INFO [libs.ActionWithElement] : Entered text: MaxSpare
2019-16-01 17:29:00  INFO [libs.ActionWithElement] : Selected index: 4 from drop-down 
2019-16-01 17:29:02  INFO [libs.ActionWithElement] : Clicked on element
2019-16-01 17:29:19  INFO [libs.ActionWithElement] : Clicked on element
2019-16-01 17:29:21  INFO [libs.ActionWithElement] : Clicked on element
2019-16-01 17:29:21  INFO [uiTests.SparesTest] : TEST DATA CLEARED!
